<?xml version="1.0" encoding="UTF-8"?>
<!-- Generated by org.testng.reporters.JUnitReportReporter -->
<testsuite hostname="Abhijith" failures="0" tests="1" name="cars.LamborghiniTest" time="4.373" errors="0" timestamp="2024-05-24T09:29:30 IST" skipped="0">
  <testcase classname="cars.LamborghiniTest" name="launch" time="4.373"/>
  <system-out>
    <![CDATA[Lamborghini launched successfully]]>
  </system-out>
</testsuite> <!-- cars.LamborghiniTest -->
