<?xml version="1.0" encoding="UTF-8"?>
<!-- Generated by org.testng.reporters.JUnitReportReporter -->
<testsuite hostname="Abhijith" failures="0" tests="1" name="demo.MavenParameterTest" time="33.565" errors="0" timestamp="2024-05-24T09:48:50 IST" skipped="0">
  <testcase classname="demo.MavenParameterTest" name="recieveData" time="33.565"/>
  <system-out/>
</testsuite> <!-- demo.MavenParameterTest -->
