<?xml version="1.0" encoding="UTF-8"?>
<!-- Generated by org.testng.reporters.JUnitReportReporter -->
<testsuite hostname="Abhijith" failures="0" tests="1" name="demo.SampleTest" time="0.001" errors="0" timestamp="2024-05-24T09:29:30 IST" skipped="0">
  <testcase classname="demo.SampleTest" name="test" time="0.001"/>
  <system-out>
    <![CDATA[SampleTest class executed]]>
  </system-out>
</testsuite> <!-- demo.SampleTest -->
