<?xml version="1.0" encoding="UTF-8"?>
<!-- Generated by org.testng.reporters.JUnitReportReporter -->
<testsuite hostname="Abhijith" failures="0" tests="1" name="cars.FordTest" time="11.487" errors="0" timestamp="2024-05-24T09:33:38 IST" skipped="0">
  <testcase classname="cars.FordTest" name="launch" time="11.487"/>
  <system-out>
    <![CDATA[Ford launched successfully]]>
  </system-out>
</testsuite> <!-- cars.FordTest -->
