<?xml version="1.0" encoding="UTF-8"?>
<!-- Generated by org.testng.reporters.JUnitReportReporter -->
<testsuite hostname="Abhijith" failures="0" tests="1" name="cars.FerrariTest" time="14.869" errors="0" timestamp="2024-05-24T09:29:30 IST" skipped="0">
  <testcase classname="cars.FerrariTest" name="launch" time="14.869"/>
  <system-out>
    <![CDATA[Ferrari launched successfully]]>
  </system-out>
</testsuite> <!-- cars.FerrariTest -->
