<?xml version="1.0" encoding="UTF-8"?>
<!-- Generated by org.testng.reporters.JUnitReportReporter -->
<testsuite hostname="Abhijith" failures="0" tests="1" name="extentreports.AttachScreenshot" time="6.170" errors="0" timestamp="2024-06-04T09:30:42 IST" skipped="0">
  <testcase classname="extentreports.AttachScreenshot" name="screenshot" time="6.170"/>
  <system-out/>
</testsuite> <!-- extentreports.AttachScreenshot -->
